# JRE version: OpenJDK Runtime Environment (17.0.6) (build 17.0.6+0-b2043.56-9586694)
# Java VM: OpenJDK 64-Bit Server VM (17.0.6+0-b2043.56-9586694, mixed mode, tiered, compressed oops, compressed class ptrs, g1 gc, windows-amd64)
GC Precious Log:
 CPUs: 8 total, 8 available
 Memory: 15733M
 Large Page Support: Disabled
 NUMA Support: Disabled
 Compressed Oops: Enabled (32-bit)
 Heap Region Size: 1M
 Heap Min Capacity: 8M
 Heap Initial Capacity: 246M
 Heap Max Capacity: 1536M
 Pre-touch: Disabled
 Parallel Workers: 8
 Concurrent Workers: 2
 Concurrent Refinement Workers: 8
 Periodic GC: Disabled
Heap:
 garbage-first heap   total 121856K, used 75628K [0x00000000a0000000, 0x0000000100000000)
  region size 1024K, 8 young (8192K), 4 survivors (4096K)
 Metaspace       used 77931K, committed 78592K, reserved 1122304K
  class space    used 10527K, committed 10816K, reserved 1048576K
GC Heap History (20 events):
Event: 9.565 GC heap before
{Heap before GC invocations=27 (full 0):
 garbage-first heap   total 112640K, used 83734K [0x00000000a0000000, 0x0000000100000000)
  region size 1024K, 28 young (28672K), 4 survivors (4096K)
 Metaspace       used 63186K, committed 63680K, reserved 1105920K
  class space    used 8301K, committed 8512K, reserved 1048576K
}
Event: 9.568 GC heap after
{Heap after GC invocations=28 (full 0):
 garbage-first heap   total 112640K, used 55236K [0x00000000a0000000, 0x0000000100000000)
  region size 1024K, 4 young (4096K), 4 survivors (4096K)
 Metaspace       used 63186K, committed 63680K, reserved 1105920K
  class space    used 8301K, committed 8512K, reserved 1048576K
}
Event: 9.964 GC heap before
{Heap before GC invocations=28 (full 0):
 garbage-first heap   total 112640K, used 82884K [0x00000000a0000000, 0x0000000100000000)
  region size 1024K, 32 young (32768K), 4 survivors (4096K)
 Metaspace       used 65409K, committed 65984K, reserved 1105920K
  class space    used 8550K, committed 8832K, reserved 1048576K
}
Event: 9.967 GC heap after
{Heap after GC invocations=29 (full 0):
 garbage-first heap   total 112640K, used 57534K [0x00000000a0000000, 0x0000000100000000)
  region size 1024K, 3 young (3072K), 3 survivors (3072K)
 Metaspace       used 65409K, committed 65984K, reserved 1105920K
  class space    used 8550K, committed 8832K, reserved 1048576K
}
Event: 10.648 GC heap before
{Heap before GC invocations=30 (full 0):
 garbage-first heap   total 112640K, used 87230K [0x00000000a0000000, 0x0000000100000000)
  region size 1024K, 31 young (31744K), 3 survivors (3072K)
 Metaspace       used 68282K, committed 68800K, reserved 1114112K
  class space    used 8932K, committed 9152K, reserved 1048576K
}
Event: 10.652 GC heap after
{Heap after GC invocations=31 (full 0):
 garbage-first heap   total 112640K, used 58522K [0x00000000a0000000, 0x0000000100000000)
  region size 1024K, 2 young (2048K), 2 survivors (2048K)
 Metaspace       used 68282K, committed 68800K, reserved 1114112K
  class space    used 8932K, committed 9152K, reserved 1048576K
}
Event: 10.961 GC heap before
{Heap before GC invocations=31 (full 0):
 garbage-first heap   total 112640K, used 75930K [0x00000000a0000000, 0x0000000100000000)
  region size 1024K, 20 young (20480K), 2 survivors (2048K)
 Metaspace       used 68914K, committed 69504K, reserved 1114112K
  class space    used 9007K, committed 9280K, reserved 1048576K
}
Event: 10.964 GC heap after
{Heap after GC invocations=32 (full 0):
 garbage-first heap   total 112640K, used 60375K [0x00000000a0000000, 0x0000000100000000)
  region size 1024K, 4 young (4096K), 4 survivors (4096K)
 Metaspace       used 68914K, committed 69504K, reserved 1114112K
  class space    used 9007K, committed 9280K, reserved 1048576K
}
Event: 11.234 GC heap before
{Heap before GC invocations=33 (full 0):
 garbage-first heap   total 112640K, used 90071K [0x00000000a0000000, 0x0000000100000000)
  region size 1024K, 32 young (32768K), 4 survivors (4096K)
 Metaspace       used 69258K, committed 69824K, reserved 1114112K
  class space    used 9058K, committed 9344K, reserved 1048576K
}
Event: 11.239 GC heap after
{Heap after GC invocations=34 (full 0):
 garbage-first heap   total 112640K, used 62500K [0x00000000a0000000, 0x0000000100000000)
  region size 1024K, 4 young (4096K), 4 survivors (4096K)
 Metaspace       used 69258K, committed 69824K, reserved 1114112K
  class space    used 9058K, committed 9344K, reserved 1048576K
}
Event: 11.667 GC heap before
{Heap before GC invocations=34 (full 0):
 garbage-first heap   total 112640K, used 90148K [0x00000000a0000000, 0x0000000100000000)
  region size 1024K, 31 young (31744K), 4 survivors (4096K)
 Metaspace       used 70406K, committed 71040K, reserved 1114112K
  class space    used 9287K, committed 9600K, reserved 1048576K
}
Event: 11.671 GC heap after
{Heap after GC invocations=35 (full 0):
 garbage-first heap   total 112640K, used 64095K [0x00000000a0000000, 0x0000000100000000)
  region size 1024K, 2 young (2048K), 2 survivors (2048K)
 Metaspace       used 70406K, committed 71040K, reserved 1114112K
  class space    used 9287K, committed 9600K, reserved 1048576K
}
Event: 11.874 GC heap before
{Heap before GC invocations=36 (full 0):
 garbage-first heap   total 121856K, used 91743K [0x00000000a0000000, 0x0000000100000000)
  region size 1024K, 29 young (29696K), 2 survivors (2048K)
 Metaspace       used 70479K, committed 71104K, reserved 1114112K
  class space    used 9294K, committed 9600K, reserved 1048576K
}
Event: 11.878 GC heap after
{Heap after GC invocations=37 (full 0):
 garbage-first heap   total 121856K, used 65034K [0x00000000a0000000, 0x0000000100000000)
  region size 1024K, 3 young (3072K), 3 survivors (3072K)
 Metaspace       used 70479K, committed 71104K, reserved 1114112K
  class space    used 9294K, committed 9600K, reserved 1048576K
}
Event: 12.322 GC heap before
{Heap before GC invocations=37 (full 0):
 garbage-first heap   total 121856K, used 98826K [0x00000000a0000000, 0x0000000100000000)
  region size 1024K, 36 young (36864K), 3 survivors (3072K)
 Metaspace       used 72458K, committed 73152K, reserved 1114112K
  class space    used 9581K, committed 9856K, reserved 1048576K
}
Event: 12.327 GC heap after
{Heap after GC invocations=38 (full 0):
 garbage-first heap   total 121856K, used 67771K [0x00000000a0000000, 0x0000000100000000)
  region size 1024K, 5 young (5120K), 5 survivors (5120K)
 Metaspace       used 72458K, committed 73152K, reserved 1114112K
  class space    used 9581K, committed 9856K, reserved 1048576K
}
Event: 12.935 GC heap before
{Heap before GC invocations=39 (full 0):
 garbage-first heap   total 121856K, used 99515K [0x00000000a0000000, 0x0000000100000000)
  region size 1024K, 36 young (36864K), 5 survivors (5120K)
 Metaspace       used 75945K, committed 76608K, reserved 1122304K
  class space    used 10248K, committed 10496K, reserved 1048576K
}
Event: 12.940 GC heap after
{Heap after GC invocations=40 (full 0):
 garbage-first heap   total 121856K, used 69766K [0x00000000a0000000, 0x0000000100000000)
  region size 1024K, 3 young (3072K), 3 survivors (3072K)
 Metaspace       used 75945K, committed 76608K, reserved 1122304K
  class space    used 10248K, committed 10496K, reserved 1048576K
}
Event: 13.337 GC heap before
{Heap before GC invocations=40 (full 0):
 garbage-first heap   total 121856K, used 99462K [0x00000000a0000000, 0x0000000100000000)
  region size 1024K, 32 young (32768K), 3 survivors (3072K)
 Metaspace       used 77804K, committed 78400K, reserved 1122304K
  class space    used 10514K, committed 10752K, reserved 1048576K
}
Event: 13.341 GC heap after
{Heap after GC invocations=41 (full 0):
 garbage-first heap   total 121856K, used 72556K [0x00000000a0000000, 0x0000000100000000)
  region size 1024K, 4 young (4096K), 4 survivors (4096K)
 Metaspace       used 77804K, committed 78400K, reserved 1122304K
  class space    used 10514K, committed 10752K, reserved 1048576K
}

